Build started 20/11/2010 00:53:30.
     1>Project "D:\graphics\ocean_domination\ocean_domination\ocean_domination.vcxproj" on node 2 (build target(s)).
     1>InitializeBuildStatus:
         Creating "Debug\ocean_domination.unsuccessfulbuild" because "AlwaysCreate" was specified.
       ClCompile:
         All outputs are up-to-date.
       Link:
         C:\Program Files (x86)\Microsoft Visual Studio 10.0\VC\bin\link.exe /ERRORREPORT:PROMPT /OUT:"D:\graphics\ocean_domination\Debug\ocean_domination.exe" /NOLOGO /LIBPATH:"../lib-msvc100/debug" opengl32.lib glu32.lib glfw.lib kernel32.lib user32.lib gdi32.lib winspool.lib comdlg32.lib advapi32.lib shell32.lib ole32.lib oleaut32.lib uuid.lib odbc32.lib odbccp32.lib /MANIFEST /ManifestFile:"Debug\ocean_domination.exe.intermediate.manifest" /MANIFESTUAC:"level='asInvoker' uiAccess='false'" /DEBUG /PDB:"D:\graphics\ocean_domination\Debug\ocean_domination.pdb" /TLBID:1 /DYNAMICBASE /NXCOMPAT /IMPLIB:"D:\graphics\ocean_domination\Debug\ocean_domination.lib" /MACHINE:X86 Debug\Face.obj
         Debug\ModelLoader.obj
         Debug\MtlHandler.obj
         Debug\ocean_domination.obj
         Debug\TextureVertex.obj
         Debug\Vertex.obj
         LINK : D:\graphics\ocean_domination\Debug\ocean_domination.exe not found or not built by the last incremental link; performing full link
     1>glfw.lib(enable.obj) : warning LNK4099: PDB 'vc100.pdb' was not found with 'glfw.lib(enable.obj)' or at 'D:\graphics\ocean_domination\Debug\vc100.pdb'; linking object as if no debug info
     1>glfw.lib(glext.obj) : warning LNK4099: PDB 'vc100.pdb' was not found with 'glfw.lib(glext.obj)' or at 'D:\graphics\ocean_domination\Debug\vc100.pdb'; linking object as if no debug info
     1>glfw.lib(init.obj) : warning LNK4099: PDB 'vc100.pdb' was not found with 'glfw.lib(init.obj)' or at 'D:\graphics\ocean_domination\Debug\vc100.pdb'; linking object as if no debug info
     1>glfw.lib(input.obj) : warning LNK4099: PDB 'vc100.pdb' was not found with 'glfw.lib(input.obj)' or at 'D:\graphics\ocean_domination\Debug\vc100.pdb'; linking object as if no debug info
     1>glfw.lib(win32_enable.obj) : warning LNK4099: PDB 'vc100.pdb' was not found with 'glfw.lib(win32_enable.obj)' or at 'D:\graphics\ocean_domination\Debug\vc100.pdb'; linking object as if no debug info
     1>glfw.lib(win32_fullscreen.obj) : warning LNK4099: PDB 'vc100.pdb' was not found with 'glfw.lib(win32_fullscreen.obj)' or at 'D:\graphics\ocean_domination\Debug\vc100.pdb'; linking object as if no debug info
     1>glfw.lib(win32_glext.obj) : warning LNK4099: PDB 'vc100.pdb' was not found with 'glfw.lib(win32_glext.obj)' or at 'D:\graphics\ocean_domination\Debug\vc100.pdb'; linking object as if no debug info
     1>glfw.lib(win32_init.obj) : warning LNK4099: PDB 'vc100.pdb' was not found with 'glfw.lib(win32_init.obj)' or at 'D:\graphics\ocean_domination\Debug\vc100.pdb'; linking object as if no debug info
     1>glfw.lib(win32_time.obj) : warning LNK4099: PDB 'vc100.pdb' was not found with 'glfw.lib(win32_time.obj)' or at 'D:\graphics\ocean_domination\Debug\vc100.pdb'; linking object as if no debug info
     1>glfw.lib(win32_window.obj) : warning LNK4099: PDB 'vc100.pdb' was not found with 'glfw.lib(win32_window.obj)' or at 'D:\graphics\ocean_domination\Debug\vc100.pdb'; linking object as if no debug info
     1>glfw.lib(window.obj) : warning LNK4099: PDB 'vc100.pdb' was not found with 'glfw.lib(window.obj)' or at 'D:\graphics\ocean_domination\Debug\vc100.pdb'; linking object as if no debug info
         ocean_domination.vcxproj -> D:\graphics\ocean_domination\Debug\ocean_domination.exe
       Manifest:
         C:\Program Files (x86)\Microsoft SDKs\Windows\v7.0A\bin\mt.exe /nologo /verbose /outputresource:"D:\graphics\ocean_domination\Debug\ocean_domination.exe;#1" /manifest Debug\ocean_domination.exe.intermediate.manifest
       FinalizeBuildStatus:
         Deleting file "Debug\ocean_domination.unsuccessfulbuild".
         Touching "Debug\ocean_domination.lastbuildstate".
     1>Done Building Project "D:\graphics\ocean_domination\ocean_domination\ocean_domination.vcxproj" (build target(s)).

Build succeeded.

Time Elapsed 00:00:00.58
